Warning: Activity:Game Concept Art: missing resource file './../../GamesUp/deliveryprocesses/Ambienta&ccedil;&atilde;o_51B00F21.html'
Warning: Activity:Game Concept Art: missing resource file './../../GamesUp/deliveryprocesses/Ambienta&ccedil;&atilde;o_51B00F21.html'
Warning: Activity:Community Meeting: missing resource file './../../GamesUp/deliveryprocesses/Publica&ccedil;&atilde;o das Artes para Feedback_D886AAAE.html'
Warning: Activity:Community Meeting: missing resource file './../../GamesUp/deliveryprocesses/Publica&ccedil;&atilde;o das Artes para Feedback_D886AAAE.html'
Warning: Activity:Refine Concept: missing resource file './../../GamesUp/deliveryprocesses/Altera&ccedil;&otilde;es na Art_A1F9B0AF.html'
Warning: Activity:Refine Concept: missing resource file './../../GamesUp/deliveryprocesses/Altera&ccedil;&otilde;es na Art_A1F9B0AF.html'
Warning: Activity:Engine Choose: missing resource file './../../GamesUp/deliveryprocesses/Reuni&atilde;o Escolha de Software_D03574F5.html'
Warning: Activity:Engine Choose: missing resource file './../../GamesUp/deliveryprocesses/Reuni&atilde;o Escolha de Software_D03574F5.html'
Warning: Activity:Script : missing resource file './../../GamesUp/deliveryprocesses/Criar Miss&otilde;es Principais_1E2DA503.html'
Warning: Activity:Script : missing resource file './../../GamesUp/deliveryprocesses/Criar Miss&otilde;es Secundarias_C3647F70.html'
Warning: Activity:Script : missing resource file './../../GamesUp/deliveryprocesses/Criar Miss&otilde;es Principais_1E2DA503.html'
Warning: Activity:Script : missing resource file './../../GamesUp/deliveryprocesses/Criar Miss&otilde;es Secundarias_C3647F70.html'
Warning: Activity:Game System Project: missing resource file './../../GamesUp/deliveryprocesses/Desenvolver Movimenta&ccedil;&atilde;o_324BF433.html'
Warning: Activity:Game System Project: missing resource file './../../GamesUp/deliveryprocesses/Arquiteturar A&ccedil;&otilde;es do Personagem_7725217B.html'
Warning: Activity:Game System Project: missing resource file './../../GamesUp/deliveryprocesses/Integrar Roteiro &agrave; Ambienta&ccedil;&atilde;o_C60EE6B4.html'
Warning: Activity:Game System Project: missing resource file './../../GamesUp/deliveryprocesses/Desenvolver Movimenta&ccedil;&atilde;o_324BF433.html'
Warning: Activity:Game System Project: missing resource file './../../GamesUp/deliveryprocesses/Arquiteturar A&ccedil;&otilde;es do Personagem_7725217B.html'
Warning: Activity:Game System Project: missing resource file './../../GamesUp/deliveryprocesses/Integrar Roteiro &agrave; Ambienta&ccedil;&atilde;o_C60EE6B4.html'
Warning: Activity:Refine Concept: missing resource file './../../GamesUp/deliveryprocesses/Definir Atividades de Mudan&ccedil;a_2BA070CF.html'
Warning: Activity:Refine Concept: missing resource file './../../GamesUp/deliveryprocesses/Definir Atividades de Mudan&ccedil;a_2BA070CF.html'
Warning: Activity:Publishers Meet: missing resource file './../../GamesUp/deliveryprocesses/Reuni&atilde;o Com Publisher_66E75677.html'
Warning: Activity:Publishers Meet: missing resource file './../../GamesUp/deliveryprocesses/Reuni&atilde;o Com Publisher_66E75677.html'
Warning: TaskDescriptor:Feedback Comunidade: missing resource file './../../GamesUp/deliveryprocesses/Publica&ccedil;&atilde;o das Artes para Feedback_D886AAAE.html'
Warning: TaskDescriptor:Teste de Software: missing resource file './../../GamesUp/deliveryprocesses/Reuni&atilde;o Escolha de Software_D03574F5.html'
Warning: Role:Game_Artist: missing resource file './../../GamesUp/tasks/Reuni&atilde;o_Com_Workers_Para_Cria&ccedil;&atilde;o_Jogo_C311EDEE.html'
Warning: Role:Game_Programmer: missing resource file './../../GamesUp/tasks/Reuni&atilde;o_Com_Workers_Para_Cria&ccedil;&atilde;o_Jogo_C311EDEE.html'
Warning: Role:Project_Manager: missing resource file './../../GamesUp/tasks/Reuni&atilde;o_Com_Workers_Para_Cria&ccedil;&atilde;o_Jogo_C311EDEE.html'
Warning: Role:Story_Teller: missing resource file './../../GamesUp/tasks/Reuni&atilde;o_Com_Workers_Para_Cria&ccedil;&atilde;o_Jogo_C311EDEE.html'
